19:03:10.629 karate.env system property was: null 
19:03:10.651 request:
1 > POST http://localhost:8080/product/add
1 > Accept-Encoding: gzip,deflate
1 > Connection: Keep-Alive
1 > Content-Length: 90
1 > Content-Type: application/json; charset=UTF-8
1 > Host: localhost:8080
1 > User-Agent: Apache-HttpClient/4.5.5 (Java/1.8.0_211)
{"description":"Pen","id":4,"imageUrl":"string","price":10,"productId":"arg1","version":1}

19:03:10.776 response time in milliseconds: 123.79
1 < 200
1 < Cache-Control: no-cache, no-store, max-age=0, must-revalidate
1 < Content-Length: 26
1 < Content-Type: application/json;charset=ISO-8859-1
1 < Date: Fri, 13 Dec 2019 13:33:10 GMT
1 < Expires: 0
1 < Pragma: no-cache
1 < X-Content-Type-Options: nosniff
1 < X-XSS-Protection: 1; mode=block
Product saved successfully

